2026-03-02 13:04:29 | INFO     | __main__:main:14 - ===== 开始执行异步任务 =====
2026-03-02 13:04:29 | INFO     | __main__:main:17 - 
--- 第一步：批量API调用 ---
2026-03-02 13:04:29 | ERROR    | core.api_client:fetch_api:26 - API调用失败 https://jsonplaceholder.typicode.com
posts/5: Cannot connect to host jsonplaceholder.typicode.composts:443 ssl:default [getaddrinfo failed]
2026-03-02 13:04:29 | ERROR    | core.api_client:fetch_api:26 - API调用失败 https://jsonplaceholder.typicode.com
posts/2: Cannot connect to host jsonplaceholder.typicode.composts:443 ssl:default [getaddrinfo failed]
2026-03-02 13:04:29 | ERROR    | core.api_client:fetch_api:26 - API调用失败 https://jsonplaceholder.typicode.com
posts/3: Cannot connect to host jsonplaceholder.typicode.composts:443 ssl:default [getaddrinfo failed]
2026-03-02 13:04:29 | ERROR    | core.api_client:fetch_api:26 - API调用失败 https://jsonplaceholder.typicode.com
posts/4: Cannot connect to host jsonplaceholder.typicode.composts:443 ssl:default [getaddrinfo failed]
2026-03-02 13:04:29 | ERROR    | core.api_client:fetch_api:26 - API调用失败 https://jsonplaceholder.typicode.com
posts/1: Cannot connect to host jsonplaceholder.typicode.composts:443 ssl:default [getaddrinfo failed]
2026-03-02 13:04:29 | INFO     | core.api_client:batch_api_calls:52 - 批量API调用完成，共执行 5 个请求
2026-03-02 13:04:29 | INFO     | __main__:main:27 - 
--- 第二步：异步爬虫 ---
2026-03-02 13:04:30 | INFO     | core.async_crawler:crawl_url:22 - 成功爬取URL: https://httpbin.org/get?page=2，响应长度: 339 字符
2026-03-02 13:04:30 | INFO     | core.async_crawler:crawl_url:22 - 成功爬取URL: https://httpbin.org/get?page=1，响应长度: 339 字符
2026-03-02 13:04:30 | INFO     | core.async_crawler:crawl_url:22 - 成功爬取URL: https://httpbin.org/get?page=3，响应长度: 339 字符
2026-03-02 13:04:30 | INFO     | core.async_crawler:async_crawl:50 - 异步爬虫完成，共爬取 3 个URL
2026-03-02 13:04:30 | INFO     | __main__:main:32 - 爬虫结果示例: URL=https://httpbin.org/get?page=1，响应片段={
  "args": {
    "page": "1"
  }, 
  "headers": {...
2026-03-02 13:04:30 | INFO     | __main__:main:32 - 爬虫结果示例: URL=https://httpbin.org/get?page=2，响应片段={
  "args": {
    "page": "2"
  }, 
  "headers": {...
2026-03-02 13:04:30 | INFO     | __main__:main:32 - 爬虫结果示例: URL=https://httpbin.org/get?page=3，响应片段={
  "args": {
    "page": "3"
  }, 
  "headers": {...
2026-03-02 13:04:30 | INFO     | __main__:main:34 - 
===== 所有异步任务执行完成 =====
